<?xml version="1.0" encoding="UTF-8"?>
<testsuite xmlns:xsi="http://www.w3.org/2001/XMLSchema-instance" xsi:noNamespaceSchemaLocation="https://maven.apache.org/surefire/maven-surefire-plugin/xsd/surefire-test-report-3.0.xsd" version="3.0" name="project3.RatingSummaryTest" time="0.054" tests="20" errors="0" skipped="4" failures="0">
  <properties>
    <property name="java.specification.version" value="19"/>
    <property name="sun.jnu.encoding" value="UTF-8"/>
    <property name="java.class.path" value="/home/hunter/Desktop/project3/projects/target/test-classes:/home/hunter/Desktop/project3/projects/target/classes:/home/hunter/.m2/repository/org/junit/jupiter/junit-jupiter-api/5.7.2/junit-jupiter-api-5.7.2.jar:/home/hunter/.m2/repository/org/apiguardian/apiguardian-api/1.1.0/apiguardian-api-1.1.0.jar:/home/hunter/.m2/repository/org/opentest4j/opentest4j/1.2.0/opentest4j-1.2.0.jar:/home/hunter/.m2/repository/org/junit/platform/junit-platform-commons/1.7.2/junit-platform-commons-1.7.2.jar:/home/hunter/.m2/repository/org/hamcrest/hamcrest-core/2.2/hamcrest-core-2.2.jar:/home/hunter/.m2/repository/org/hamcrest/hamcrest/2.2/hamcrest-2.2.jar:"/>
    <property name="java.vm.vendor" value="Private Build"/>
    <property name="sun.arch.data.model" value="64"/>
    <property name="java.vendor.url" value="Unknown"/>
    <property name="os.name" value="Linux"/>
    <property name="java.vm.specification.version" value="19"/>
    <property name="sun.java.launcher" value="SUN_STANDARD"/>
    <property name="user.country" value="US"/>
    <property name="sun.boot.library.path" value="/usr/lib/jvm/java-19-openjdk-amd64/lib"/>
    <property name="sun.java.command" value="/home/hunter/Desktop/project3/projects/target/surefire/surefirebooter-20230505145136821_3.jar /home/hunter/Desktop/project3/projects/target/surefire 2023-05-05T14-51-36_575-jvmRun1 surefire-20230505145136821_1tmp surefire_0-20230505145136821_2tmp"/>
    <property name="jdk.debug" value="release"/>
    <property name="surefire.test.class.path" value="/home/hunter/Desktop/project3/projects/target/test-classes:/home/hunter/Desktop/project3/projects/target/classes:/home/hunter/.m2/repository/org/junit/jupiter/junit-jupiter-api/5.7.2/junit-jupiter-api-5.7.2.jar:/home/hunter/.m2/repository/org/apiguardian/apiguardian-api/1.1.0/apiguardian-api-1.1.0.jar:/home/hunter/.m2/repository/org/opentest4j/opentest4j/1.2.0/opentest4j-1.2.0.jar:/home/hunter/.m2/repository/org/junit/platform/junit-platform-commons/1.7.2/junit-platform-commons-1.7.2.jar:/home/hunter/.m2/repository/org/hamcrest/hamcrest-core/2.2/hamcrest-core-2.2.jar:/home/hunter/.m2/repository/org/hamcrest/hamcrest/2.2/hamcrest-2.2.jar:"/>
    <property name="sun.cpu.endian" value="little"/>
    <property name="user.home" value="/home/hunter"/>
    <property name="user.language" value="en"/>
    <property name="java.specification.vendor" value="Oracle Corporation"/>
    <property name="java.version.date" value="2023-01-17"/>
    <property name="java.home" value="/usr/lib/jvm/java-19-openjdk-amd64"/>
    <property name="file.separator" value="/"/>
    <property name="basedir" value="/home/hunter/Desktop/project3/projects"/>
    <property name="java.vm.compressedOopsMode" value="Zero based"/>
    <property name="line.separator" value="&#10;"/>
    <property name="java.specification.name" value="Java Platform API Specification"/>
    <property name="java.vm.specification.vendor" value="Oracle Corporation"/>
    <property name="surefire.real.class.path" value="/home/hunter/Desktop/project3/projects/target/surefire/surefirebooter-20230505145136821_3.jar"/>
    <property name="sun.management.compiler" value="HotSpot 64-Bit Tiered Compilers"/>
    <property name="java.runtime.version" value="19.0.2+7-Ubuntu-0ubuntu322.04"/>
    <property name="user.name" value="hunter"/>
    <property name="stdout.encoding" value="UTF-8"/>
    <property name="path.separator" value=":"/>
    <property name="os.version" value="5.19.0-41-generic"/>
    <property name="java.runtime.name" value="OpenJDK Runtime Environment"/>
    <property name="file.encoding" value="UTF-8"/>
    <property name="java.vm.name" value="OpenJDK 64-Bit Server VM"/>
    <property name="localRepository" value="/home/hunter/.m2/repository"/>
    <property name="java.vendor.url.bug" value="Unknown"/>
    <property name="java.io.tmpdir" value="/tmp"/>
    <property name="java.version" value="19.0.2"/>
    <property name="user.dir" value="/home/hunter/Desktop/project3/projects"/>
    <property name="os.arch" value="amd64"/>
    <property name="java.vm.specification.name" value="Java Virtual Machine Specification"/>
    <property name="native.encoding" value="UTF-8"/>
    <property name="java.library.path" value="/usr/java/packages/lib:/usr/lib/x86_64-linux-gnu/jni:/lib/x86_64-linux-gnu:/usr/lib/x86_64-linux-gnu:/usr/lib/jni:/lib:/usr/lib"/>
    <property name="java.vm.info" value="mixed mode, sharing"/>
    <property name="stderr.encoding" value="UTF-8"/>
    <property name="java.vendor" value="Private Build"/>
    <property name="java.vm.version" value="19.0.2+7-Ubuntu-0ubuntu322.04"/>
    <property name="sun.io.unicode.encoding" value="UnicodeLittle"/>
    <property name="java.class.version" value="63.0"/>
  </properties>
  <testcase name="createListTest" classname="project3.RatingSummaryTest" time="0.001"/>
  <testcase name="testSD2" classname="project3.RatingSummaryTest" time="0">
    <skipped message="void project3.RatingSummaryTest.testSD2() is @Disabled"/>
  </testcase>
  <testcase name="testRawRatings" classname="project3.RatingSummaryTest" time="0">
    <skipped message="void project3.RatingSummaryTest.testRawRatings() is @Disabled"/>
  </testcase>
  <testcase name="calculateSDTest" classname="project3.RatingSummaryTest" time="0.009"/>
  <testcase name="testAvg1" classname="project3.RatingSummaryTest" time="0.001"/>
  <testcase name="testAvg2" classname="project3.RatingSummaryTest" time="0.001"/>
  <testcase name="testAvg3" classname="project3.RatingSummaryTest" time="0.001"/>
  <testcase name="testAvg4" classname="project3.RatingSummaryTest" time="0">
    <skipped message="void project3.RatingSummaryTest.testAvg4() is @Disabled"/>
  </testcase>
  <testcase name="testConstructor3" classname="project3.RatingSummaryTest" time="0.001"/>
  <testcase name="getListTest" classname="project3.RatingSummaryTest" time="0.001"/>
  <testcase name="stDevScoreTest" classname="project3.RatingSummaryTest" time="0.001"/>
  <testcase name="getDegreeTest" classname="project3.RatingSummaryTest" time="0.001"/>
  <testcase name="getIDTest" classname="project3.RatingSummaryTest" time="0.003"/>
  <testcase name="toStringTest" classname="project3.RatingSummaryTest" time="0.002"/>
  <testcase name="collectProductStatsTest" classname="project3.RatingSummaryTest" time="0">
    <skipped message="void project3.RatingSummaryTest.collectProductStatsTest() is @Disabled"/>
  </testcase>
  <testcase name="createListTest2" classname="project3.RatingSummaryTest" time="0.001"/>
  <testcase name="getListNotNull" classname="project3.RatingSummaryTest" time="0.002"/>
  <testcase name="toStringTest2" classname="project3.RatingSummaryTest" time="0.001"/>
  <testcase name="sortStatsTest" classname="project3.RatingSummaryTest" time="0.002"/>
  <testcase name="calculateSDTest2" classname="project3.RatingSummaryTest" time="0.001"/>
</testsuite>